2023.09.21 01:41:43 INFO  Started: Metals version 1.0.1 in folders '/Users/scenery/Codebase/5610/main' for client Visual Studio Code 1.82.2.
Sep 21, 2023 1:41:43 AM org.flywaydb.core.internal.license.VersionPrinter printVersionOnly
INFO: Flyway Community Edition 9.21.2 by Redgate
Sep 21, 2023 1:41:43 AM org.flywaydb.core.internal.license.VersionPrinter printVersion
INFO: See release notes here: https://rd.gt/416ObMi
Sep 21, 2023 1:41:43 AM org.flywaydb.core.internal.license.VersionPrinter printVersion
INFO: 
Sep 21, 2023 1:41:43 AM org.flywaydb.core.FlywayExecutor execute
INFO: Database: jdbc:h2:file:/Users/scenery/Codebase/5610/main/.metals/metals (H2 2.1)
Sep 21, 2023 1:41:43 AM org.flywaydb.core.internal.schemahistory.JdbcTableSchemaHistory allAppliedMigrations
INFO: Schema history table "PUBLIC"."flyway_schema_history" does not exist yet
Sep 21, 2023 1:41:43 AM org.flywaydb.core.internal.command.DbValidate validate
INFO: Successfully validated 4 migrations (execution time 00:00.021s)
Sep 21, 2023 1:41:43 AM org.flywaydb.core.internal.schemahistory.JdbcTableSchemaHistory create
INFO: Creating Schema History table "PUBLIC"."flyway_schema_history" ...
Sep 21, 2023 1:41:43 AM org.flywaydb.core.internal.command.DbMigrate migrateGroup
INFO: Current version of schema "PUBLIC": << Empty Schema >>
Sep 21, 2023 1:41:43 AM org.flywaydb.core.internal.command.DbMigrate doMigrateGroup
INFO: Migrating schema "PUBLIC" to version "1 - Create tables"
Sep 21, 2023 1:41:43 AM org.flywaydb.core.internal.command.DbMigrate doMigrateGroup
INFO: Migrating schema "PUBLIC" to version "2 - Server discovery"
Sep 21, 2023 1:41:43 AM org.flywaydb.core.internal.command.DbMigrate doMigrateGroup
INFO: Migrating schema "PUBLIC" to version "3 - Jar symbols"
Sep 21, 2023 1:41:43 AM org.flywaydb.core.internal.command.DbMigrate doMigrateGroup
INFO: Migrating schema "PUBLIC" to version "4 - Fingerprints"
Sep 21, 2023 1:41:43 AM org.flywaydb.core.internal.command.DbMigrate logSummary
INFO: Successfully applied 4 migrations to schema "PUBLIC", now at version v4 (execution time 00:00.028s)
2023.09.21 01:41:44 INFO  time: initialize in 0.83s
2023.09.21 01:41:44 WARN  Build server is not auto-connectable.
2023.09.21 01:41:44 WARN  no build tool detected in workspace '/Users/scenery/Codebase/5610/main'. The most common cause for this problem is that the editor was opened in the wrong working directory, for example if you use sbt then the workspace directory should contain build.sbt. 
2023.09.21 01:47:20 INFO  Shutting down server
2023.09.21 01:47:20 INFO  shutting down Metals
2023.09.21 01:47:20 INFO  Exiting server
